#
# A fatal error has been detected by the Java Runtime Environment:
#
#  EXCEPTION_UNCAUGHT_CXX_EXCEPTION (0xe06d7363) at pc=0x00007ffa9219a388, pid=11588, tid=0x00000000000018b4
#
# JRE version: Java(TM) SE Runtime Environment (8.0_162-b12) (build 1.8.0_162-b12)
# Java VM: Java HotSpot(TM) 64-Bit Server VM (25.162-b12 mixed mode windows-amd64 compressed oops)
# Problematic frame:
# C  [KERNELBASE.dll+0x3a388]
#
# Failed to write core dump. Minidumps are not enabled by default on client versions of Windows
#
# If you would like to submit a bug report, please visit:
#   http://bugreport.java.com/bugreport/crash.jsp
# The crash happened outside the Java Virtual Machine in native code.
# See problematic frame for where to report the bug.
#

---------------  T H R E A D  ---------------

Current thread (0x0000000002a38000):  JavaThread "main" [_thread_in_native, id=6324, stack(0x0000000002930000,0x0000000002a30000)]

siginfo: ExceptionCode=0xe06d7363, ExceptionInformation=0x0000000019930520 0x0000000002a1d700 0x00007ffa638ceed0 0x00007ffa62ea0000 

Registers:
RAX=0x00007ffa92059510, RBX=0x0000000002a2d7d0, RCX=0x0000000002a1d600, RDX=0x0000000002a1d158
RSP=0x0000000002a1d560, RBP=0x0000000002a1d6a0, RSI=0x00007ffa638ceed0, RDI=0x000000000000003f
R8 =0x0000000002a1d618, R9 =0x0000000002a1d598, R10=0x00007ffa91feea42, R11=0x0000000002a1d130
R12=0x00000000ffffff29, R13=0x0000000000000000, R14=0x0000000002a1d700, R15=0x0000000002a2d8d8
RIP=0x00007ffa9219a388, EFLAGS=0x0000000000000206

Top of Stack: (sp=0x0000000002a1d560)
0x0000000002a1d560:   0000000000000000 0000000002a2d7d0
0x0000000002a1d570:   00007ffa638ceed0 000000000000003f
0x0000000002a1d580:   00000001e06d7363 0000000000000000
0x0000000002a1d590:   00007ffa9219a388 00007ffa00000004
0x0000000002a1d5a0:   0000000019930520 0000000002a1d700
0x0000000002a1d5b0:   00007ffa638ceed0 00007ffa62ea0000
0x0000000002a1d5c0:   0000000002a1d700 00000000ffffff29
0x0000000002a1d5d0:   000000000000003f 00007ffa638ceed0
0x0000000002a1d5e0:   0000000002a1d6a0 00007ffa95baa39f
0x0000000002a1d5f0:   0000000002a1d6c0 00007ffa00000000
0x0000000002a1d600:   00007ffa92059510 0000000000000000
0x0000000002a1d610:   00007ffa6390e000 00007ffa62ea0000
0x0000000002a1d620:   0000ad6d7071e50d 00007ffa92059510
0x0000000002a1d630:   0000000002a2d7d0 00007ffa89b744f2
0x0000000002a1d640:   0000000002a1d678 0000000002a1d680
0x0000000002a1d650:   0000000002a1d688 00007ffa91f83e75 

Instructions: (pc=0x00007ffa9219a388)
0x00007ffa9219a368:   49 8b d1 44 0f 47 c0 44 89 44 24 38 49 c1 e0 03
0x00007ffa9219a378:   e8 da 3d 04 00 48 8d 4c 24 20 ff 15 a0 82 14 00
0x00007ffa9219a388:   48 8b 8c 24 c0 00 00 00 48 33 cc e8 08 fe 03 00
0x00007ffa9219a398:   48 81 c4 d8 00 00 00 c3 83 64 24 38 00 eb d6 cc 


Register to memory mapping:

RAX=0x00007ffa92059510 is an unknown value
RBX=0x0000000002a2d7d0 is pointing into the stack for thread: 0x0000000002a38000
RCX=0x0000000002a1d600 is pointing into the stack for thread: 0x0000000002a38000
RDX=0x0000000002a1d158 is pointing into the stack for thread: 0x0000000002a38000
RSP=0x0000000002a1d560 is pointing into the stack for thread: 0x0000000002a38000
RBP=0x0000000002a1d6a0 is pointing into the stack for thread: 0x0000000002a38000
RSI=0x00007ffa638ceed0 is an unknown value
RDI=0x000000000000003f is an unknown value
R8 =0x0000000002a1d618 is pointing into the stack for thread: 0x0000000002a38000
R9 =0x0000000002a1d598 is pointing into the stack for thread: 0x0000000002a38000
R10=0x00007ffa91feea42 is an unknown value
R11=0x0000000002a1d130 is pointing into the stack for thread: 0x0000000002a38000
R12=0x00000000ffffff29 is an unallocated location in the heap
R13=0x0000000000000000 is an unknown value
R14=0x0000000002a1d700 is pointing into the stack for thread: 0x0000000002a38000
R15=0x0000000002a2d8d8 is pointing into the stack for thread: 0x0000000002a38000


Stack: [0x0000000002930000,0x0000000002a30000],  sp=0x0000000002a1d560,  free space=949k
Native frames: (J=compiled Java code, j=interpreted, Vv=VM code, C=native code)
C  [KERNELBASE.dll+0x3a388]
C  [VCRUNTIME140.dll+0x44f2]
C  [opencv_core320.dll+0x66bc1a]
C  [opencv_core320.dll+0x66bd60]
C  [opencv_imgproc320.dll+0x116aae4]
C  [ID_Detect.DLL+0x78bd]
C  [ID_Detect.DLL+0x3fc5]
C  [jna1109399837210892650.dll+0x176f3]
C  [jna1109399837210892650.dll+0xffe7]
C  [jna1109399837210892650.dll+0x3d1a]
C  [jna1109399837210892650.dll+0x2df7]
C  0x0000000002c486c7

Java frames: (J=compiled Java code, j=interpreted, Vv=VM code)
j  com.sun.jna.Native.invokePointer(JI[Ljava/lang/Object;)J+0
j  com.sun.jna.Function.invokePointer(I[Ljava/lang/Object;)Lcom/sun/jna/Pointer;+6
j  com.sun.jna.Function.invoke([Ljava/lang/Object;Ljava/lang/Class;Z)Ljava/lang/Object;+1016
j  com.sun.jna.Function.invoke(Ljava/lang/Class;[Ljava/lang/Object;Ljava/util/Map;)Ljava/lang/Object;+214
j  com.sun.jna.Library$Handler.invoke(Ljava/lang/Object;Ljava/lang/reflect/Method;[Ljava/lang/Object;)Ljava/lang/Object;+341
j  com.sun.proxy.$Proxy0.result_test(Ljava/lang/String;Ljava/lang/String;)[Lcom/sun/jna/Pointer;+20
j  idcard.Java2Cpp.main([Ljava/lang/String;)V+11
v  ~StubRoutines::call_stub

---------------  P R O C E S S  ---------------

Java Threads: ( => current thread )
  0x0000000018bca000 JavaThread "Service Thread" daemon [_thread_blocked, id=7928, stack(0x00000000193e0000,0x00000000194e0000)]
  0x0000000018b24800 JavaThread "C1 CompilerThread1" daemon [_thread_blocked, id=10336, stack(0x00000000192e0000,0x00000000193e0000)]
  0x0000000018b23800 JavaThread "C2 CompilerThread0" daemon [_thread_blocked, id=12868, stack(0x00000000191e0000,0x00000000192e0000)]
  0x0000000018af4000 JavaThread "Monitor Ctrl-Break" daemon [_thread_in_native, id=11200, stack(0x00000000190e0000,0x00000000191e0000)]
  0x00000000175b6000 JavaThread "Attach Listener" daemon [_thread_blocked, id=11804, stack(0x00000000183e0000,0x00000000184e0000)]
  0x00000000175b5000 JavaThread "Signal Dispatcher" daemon [_thread_blocked, id=12864, stack(0x00000000182e0000,0x00000000183e0000)]
  0x0000000017538800 JavaThread "Finalizer" daemon [_thread_blocked, id=6292, stack(0x0000000018180000,0x0000000018280000)]
  0x0000000002b24000 JavaThread "Reference Handler" daemon [_thread_blocked, id=13580, stack(0x0000000018080000,0x0000000018180000)]
=>0x0000000002a38000 JavaThread "main" [_thread_in_native, id=6324, stack(0x0000000002930000,0x0000000002a30000)]

Other Threads:
  0x0000000017516800 VMThread [stack: 0x0000000017f80000,0x0000000018080000] [id=5448]
  0x0000000018c2d800 WatcherThread [stack: 0x00000000194e0000,0x00000000195e0000] [id=6776]

VM state:not at safepoint (normal execution)

VM Mutex/Monitor currently owned by a thread: None

Heap:
 PSYoungGen      total 38400K, used 12761K [0x00000000d5d00000, 0x00000000d8780000, 0x0000000100000000)
  eden space 33280K, 38% used [0x00000000d5d00000,0x00000000d6976758,0x00000000d7d80000)
  from space 5120K, 0% used [0x00000000d8280000,0x00000000d8280000,0x00000000d8780000)
  to   space 5120K, 0% used [0x00000000d7d80000,0x00000000d7d80000,0x00000000d8280000)
 ParOldGen       total 87552K, used 0K [0x0000000081600000, 0x0000000086b80000, 0x00000000d5d00000)
  object space 87552K, 0% used [0x0000000081600000,0x0000000081600000,0x0000000086b80000)
 Metaspace       used 6215K, capacity 6320K, committed 6400K, reserved 1056768K
  class space    used 670K, capacity 720K, committed 768K, reserved 1048576K

Card table byte_map: [0x0000000011ff0000,0x00000000123f0000] byte_map_base: 0x0000000011be5000

Marking Bits: (ParMarkBitMap*) 0x0000000058210860
 Begin Bits: [0x00000000128a0000, 0x0000000014848000)
 End Bits:   [0x0000000014848000, 0x00000000167f0000)

Polling page: 0x0000000002420000

CodeCache: size=245760Kb used=2109Kb max_used=2110Kb free=243650Kb
 bounds [0x0000000002c30000, 0x0000000002ea0000, 0x0000000011c30000]
 total_blobs=752 nmethods=432 adapters=234
 compilation: enabled

Compilation events (10 events):
Event: 0.794 Thread 0x0000000018b23800  428       4       java.lang.String::replace (127 bytes)
Event: 0.800 Thread 0x0000000018b23800 nmethod 428 0x0000000002e3c050 code [0x0000000002e3c1a0, 0x0000000002e3c658]
Event: 0.801 Thread 0x0000000018b24800  429       3       java.lang.String::equalsIgnoreCase (48 bytes)
Event: 0.801 Thread 0x0000000018b24800 nmethod 429 0x0000000002e3ba50 code [0x0000000002e3bbc0, 0x0000000002e3bf28]
Event: 0.804 Thread 0x0000000018b24800  430       3       java.util.WeakHashMap::remove (133 bytes)
Event: 0.805 Thread 0x0000000018b24800 nmethod 430 0x0000000002e40190 code [0x0000000002e40380, 0x0000000002e40e48]
Event: 0.806 Thread 0x0000000018b24800  431       1       sun.misc.URLClassPath$JarLoader::access$700 (5 bytes)
Event: 0.807 Thread 0x0000000018b24800 nmethod 431 0x0000000002e3b790 code [0x0000000002e3b8e0, 0x0000000002e3b9d0]
Event: 0.807 Thread 0x0000000018b24800  432  s    3       java.util.Vector::elementAt (48 bytes)
Event: 0.807 Thread 0x0000000018b24800 nmethod 432 0x0000000002e3ee50 code [0x0000000002e3f060, 0x0000000002e3fbe8]

GC Heap History (0 events):
No events

Deoptimization events (0 events):
No events

Classes redefined (0 events):
No events

Internal exceptions (10 events):
Event: 0.236 Thread 0x0000000002a38000 Exception <a 'java/security/PrivilegedActionException'> (0x00000000d5fdb6a0) thrown at [C:\re\workspace\8-2-build-windows-amd64-cygwin\jdk8u162\10278\hotspot\src\share\vm\prims\jvm.cpp, line 1390]
Event: 0.236 Thread 0x0000000002a38000 Exception <a 'java/security/PrivilegedActionException'> (0x00000000d5fdb8b0) thrown at [C:\re\workspace\8-2-build-windows-amd64-cygwin\jdk8u162\10278\hotspot\src\share\vm\prims\jvm.cpp, line 1390]
Event: 0.429 Thread 0x0000000002a38000 Exception <a 'java/security/PrivilegedActionException'> (0x00000000d6340b48) thrown at [C:\re\workspace\8-2-build-windows-amd64-cygwin\jdk8u162\10278\hotspot\src\share\vm\prims\jvm.cpp, line 1390]
Event: 0.429 Thread 0x0000000002a38000 Exception <a 'java/security/PrivilegedActionException'> (0x00000000d6340d58) thrown at [C:\re\workspace\8-2-build-windows-amd64-cygwin\jdk8u162\10278\hotspot\src\share\vm\prims\jvm.cpp, line 1390]
Event: 0.430 Thread 0x0000000002a38000 Exception <a 'java/security/PrivilegedActionException'> (0x00000000d6344e50) thrown at [C:\re\workspace\8-2-build-windows-amd64-cygwin\jdk8u162\10278\hotspot\src\share\vm\prims\jvm.cpp, line 1390]
Event: 0.430 Thread 0x0000000002a38000 Exception <a 'java/security/PrivilegedActionException'> (0x00000000d6345060) thrown at [C:\re\workspace\8-2-build-windows-amd64-cygwin\jdk8u162\10278\hotspot\src\share\vm\prims\jvm.cpp, line 1390]
Event: 0.441 Thread 0x0000000002a38000 Exception <a 'java/io/FileNotFoundException'> (0x00000000d63809b8) thrown at [C:\re\workspace\8-2-build-windows-amd64-cygwin\jdk8u162\10278\hotspot\src\share\vm\prims\jni.cpp, line 709]
Event: 0.473 Thread 0x0000000002a38000 Exception <a 'java/lang/NoSuchFieldError': method resolution failed> (0x00000000d64afd50) thrown at [C:\re\workspace\8-2-build-windows-amd64-cygwin\jdk8u162\10278\hotspot\src\share\vm\prims\methodHandles.cpp, line 1167]
Event: 0.482 Thread 0x0000000002a38000 Exception <a 'java/lang/NoSuchFieldError': method resolution failed> (0x00000000d64bddb0) thrown at [C:\re\workspace\8-2-build-windows-amd64-cygwin\jdk8u162\10278\hotspot\src\share\vm\prims\methodHandles.cpp, line 1167]
Event: 0.748 Thread 0x0000000002a38000 Exception <a 'java/lang/NullPointerException'> (0x00000000d6841998) thrown at [C:\re\workspace\8-2-build-windows-amd64-cygwin\jdk8u162\10278\hotspot\src\share\vm\interpreter\linkResolver.cpp, line 1185]

Events (10 events):
Event: 0.803 loading class java/lang/reflect/TypeVariable
Event: 0.803 loading class java/lang/reflect/TypeVariable done
Event: 0.803 loading class java/lang/reflect/AnnotatedType
Event: 0.804 loading class java/lang/reflect/AnnotatedType done
Event: 0.804 loading class com/sun/jna/NativeString
Event: 0.804 loading class com/sun/jna/NativeString done
Event: 0.805 loading class com/sun/jna/Memory$SharedMemory
Event: 0.805 loading class com/sun/jna/Memory$SharedMemory done
Event: 0.806 loading class com/sun/jna/WeakIdentityHashMap
Event: 0.806 loading class com/sun/jna/WeakIdentityHashMap done


Dynamic libraries:
0x00007ff690c80000 - 0x00007ff690cb7000 	C:\Program Files\Java\jdk1.8.0_162\bin\java.exe
0x00007ffa95ba0000 - 0x00007ffa95d81000 	C:\WINDOWS\SYSTEM32\ntdll.dll
0x00007ffa94c70000 - 0x00007ffa94d22000 	C:\WINDOWS\System32\KERNEL32.DLL
0x00007ffa92160000 - 0x00007ffa923d3000 	C:\WINDOWS\System32\KERNELBASE.dll
0x00007ffa94b40000 - 0x00007ffa94be1000 	C:\WINDOWS\System32\ADVAPI32.dll
0x00007ffa94d30000 - 0x00007ffa94dce000 	C:\WINDOWS\System32\msvcrt.dll
0x00007ffa95b10000 - 0x00007ffa95b6b000 	C:\WINDOWS\System32\sechost.dll
0x00007ffa94a10000 - 0x00007ffa94b34000 	C:\WINDOWS\System32\RPCRT4.dll
0x00007ffa95200000 - 0x00007ffa95390000 	C:\WINDOWS\System32\USER32.dll
0x00007ffa92fb0000 - 0x00007ffa92fd0000 	C:\WINDOWS\System32\win32u.dll
0x00007ffa95390000 - 0x00007ffa953b8000 	C:\WINDOWS\System32\GDI32.dll
0x00007ffa923e0000 - 0x00007ffa92572000 	C:\WINDOWS\System32\gdi32full.dll
0x00007ffa92070000 - 0x00007ffa9210f000 	C:\WINDOWS\System32\msvcp_win.dll
0x00007ffa91f70000 - 0x00007ffa9206a000 	C:\WINDOWS\System32\ucrtbase.dll
0x00007ffa83140000 - 0x00007ffa833a9000 	C:\WINDOWS\WinSxS\amd64_microsoft.windows.common-controls_6595b64144ccf1df_6.0.17134.228_none_fb4599993062b194\COMCTL32.dll
0x00007ffa95770000 - 0x00007ffa95a93000 	C:\WINDOWS\System32\combase.dll
0x00007ffa92580000 - 0x00007ffa925fa000 	C:\WINDOWS\System32\bcryptPrimitives.dll
0x00007ffa951d0000 - 0x00007ffa951fd000 	C:\WINDOWS\System32\IMM32.DLL
0x0000000058290000 - 0x0000000058361000 	C:\Program Files\Java\jdk1.8.0_162\jre\bin\msvcr100.dll
0x00000000579f0000 - 0x0000000058290000 	C:\Program Files\Java\jdk1.8.0_162\jre\bin\server\jvm.dll
0x00007ffa95b00000 - 0x00007ffa95b08000 	C:\WINDOWS\System32\PSAPI.DLL
0x00007ffa898b0000 - 0x00007ffa898b9000 	C:\WINDOWS\SYSTEM32\WSOCK32.dll
0x00007ffa94e70000 - 0x00007ffa94edc000 	C:\WINDOWS\System32\WS2_32.dll
0x00007ffa80890000 - 0x00007ffa808b3000 	C:\WINDOWS\SYSTEM32\WINMM.dll
0x00007ffa89e20000 - 0x00007ffa89e2a000 	C:\WINDOWS\SYSTEM32\VERSION.dll
0x00007ffa80860000 - 0x00007ffa8088a000 	C:\WINDOWS\SYSTEM32\WINMMBASE.dll
0x00007ffa92110000 - 0x00007ffa92159000 	C:\WINDOWS\System32\cfgmgr32.dll
0x00000000579e0000 - 0x00000000579ef000 	C:\Program Files\Java\jdk1.8.0_162\jre\bin\verify.dll
0x00000000579b0000 - 0x00000000579d9000 	C:\Program Files\Java\jdk1.8.0_162\jre\bin\java.dll
0x0000000059070000 - 0x0000000059093000 	C:\Program Files\Java\jdk1.8.0_162\jre\bin\instrument.dll
0x0000000057990000 - 0x00000000579a6000 	C:\Program Files\Java\jdk1.8.0_162\jre\bin\zip.dll
0x00007ffa93030000 - 0x00007ffa94470000 	C:\WINDOWS\System32\SHELL32.dll
0x00007ffa953c0000 - 0x00007ffa95469000 	C:\WINDOWS\System32\shcore.dll
0x00007ffa92600000 - 0x00007ffa92d0d000 	C:\WINDOWS\System32\windows.storage.dll
0x00007ffa95700000 - 0x00007ffa95751000 	C:\WINDOWS\System32\shlwapi.dll
0x00007ffa91f30000 - 0x00007ffa91f41000 	C:\WINDOWS\System32\kernel.appcore.dll
0x00007ffa91f10000 - 0x00007ffa91f2f000 	C:\WINDOWS\System32\profapi.dll
0x00007ffa91eb0000 - 0x00007ffa91efc000 	C:\WINDOWS\System32\powrprof.dll
0x00007ffa91f00000 - 0x00007ffa91f0a000 	C:\WINDOWS\System32\FLTLIB.DLL
0x00007ffa88080000 - 0x00007ffa8809a000 	D:\IntelliJ IDEA 2018.1.1\bin\breakgen64.dll
0x0000000057970000 - 0x000000005798a000 	C:\Program Files\Java\jdk1.8.0_162\jre\bin\net.dll
0x00007ffa916d0000 - 0x00007ffa91736000 	C:\WINDOWS\system32\mswsock.dll
0x0000000058dd0000 - 0x0000000058f68000 	C:\Program Files\Java\jdk1.8.0_162\jre\bin\awt.dll
0x00007ffa94470000 - 0x00007ffa94532000 	C:\WINDOWS\System32\OLEAUT32.dll
0x00007ffa90590000 - 0x00007ffa9061b000 	C:\WINDOWS\SYSTEM32\apphelp.dll
0x00007ffa91890000 - 0x00007ffa918a7000 	C:\WINDOWS\SYSTEM32\CRYPTSP.dll
0x00007ffa912b0000 - 0x00007ffa912e3000 	C:\WINDOWS\system32\rsaenh.dll
0x00007ffa919b0000 - 0x00007ffa919d5000 	C:\WINDOWS\SYSTEM32\bcrypt.dll
0x00007ffa91de0000 - 0x00007ffa91e08000 	C:\WINDOWS\SYSTEM32\USERENV.dll
0x00007ffa91880000 - 0x00007ffa9188b000 	C:\WINDOWS\SYSTEM32\CRYPTBASE.dll
0x00007ffa91450000 - 0x00007ffa91488000 	C:\WINDOWS\SYSTEM32\IPHLPAPI.DLL
0x00007ffa94ee0000 - 0x00007ffa94ee8000 	C:\WINDOWS\System32\NSI.dll
0x00007ffa87b60000 - 0x00007ffa87b76000 	C:\WINDOWS\SYSTEM32\dhcpcsvc6.DLL
0x00007ffa87130000 - 0x00007ffa8714a000 	C:\WINDOWS\SYSTEM32\dhcpcsvc.DLL
0x0000000057950000 - 0x0000000057961000 	C:\Program Files\Java\jdk1.8.0_162\jre\bin\nio.dll
0x00007ffa7cd40000 - 0x00007ffa7cd77000 	C:\Users\Huang Bing\AppData\Local\Temp\jna-Huang Bing\jna1109399837210892650.dll
0x00007ffa80680000 - 0x00007ffa806a2000 	E:\project\jeesite\bin\dll\ID_Detect.DLL
0x00007ffa64e00000 - 0x00007ffa653b6000 	E:\project\jeesite\bin\dll\tesseract400.dll
0x00007ffa67490000 - 0x00007ffa67688000 	E:\project\jeesite\bin\dll\opencv_calib3d320.dll
0x00007ffa62ea0000 - 0x00007ffa63953000 	E:\project\jeesite\bin\dll\opencv_core320.dll
0x00007ffa6cee0000 - 0x00007ffa6cfaa000 	E:\project\jeesite\bin\dll\opencv_features2d320.dll
0x00007ffa78240000 - 0x00007ffa7826d000 	E:\project\jeesite\bin\dll\opencv_highgui320.dll
0x00007ffa95470000 - 0x00007ffa9555d000 	C:\WINDOWS\System32\COMDLG32.dll
0x00007ffa67140000 - 0x00007ffa673d5000 	E:\project\jeesite\bin\dll\opencv_imgcodecs320.dll
0x00007ffa5dec0000 - 0x00007ffa5f565000 	E:\project\jeesite\bin\dll\opencv_imgproc320.dll
0x00007ffa6e560000 - 0x00007ffa6e5fe000 	E:\project\jeesite\bin\dll\opencv_objdetect320.dll
0x00007ffa62bd0000 - 0x00007ffa62e96000 	E:\project\jeesite\bin\dll\opencv_xfeatures2d320.dll
0x00007ffa7d620000 - 0x00007ffa7d6bc000 	C:\Program Files\TortoiseSVN\bin\MSVCP140.dll
0x00007ffa89b70000 - 0x00007ffa89b86000 	C:\Program Files\TortoiseSVN\bin\VCRUNTIME140.dll
0x00007ffa5b720000 - 0x00007ffa5b999000 	E:\project\jeesite\bin\dll\pvt.cppan.demo.danbloomberg.leptonica-1.76.0.dll
0x00007ffa6ec60000 - 0x00007ffa6ec8e000 	C:\Program Files\TortoiseSVN\bin\VCOMP140.DLL
0x00007ffa6cd20000 - 0x00007ffa6cda7000 	E:\project\jeesite\bin\dll\opencv_flann320.dll
0x00007ffa6c720000 - 0x00007ffa6c771000 	C:\Program Files\TortoiseSVN\bin\CONCRT140.dll
0x00007ffa6c6d0000 - 0x00007ffa6c71e000 	E:\project\jeesite\bin\dll\opencv_videoio320.dll
0x00007ffa95070000 - 0x00007ffa951c1000 	C:\WINDOWS\System32\ole32.dll
0x00007ffa6bd20000 - 0x00007ffa6bdde000 	E:\project\jeesite\bin\dll\opencv_ml320.dll
0x00007ffa6bc90000 - 0x00007ffa6bd17000 	E:\project\jeesite\bin\dll\pvt.cppan.demo.webp-0.6.1.dll
0x00007ffa6b7b0000 - 0x00007ffa6b821000 	E:\project\jeesite\bin\dll\pvt.cppan.demo.tiff-4.0.9.dll
0x00007ffa6c2f0000 - 0x00007ffa6c325000 	E:\project\jeesite\bin\dll\pvt.cppan.demo.png-1.6.34.dll
0x00007ffa6b760000 - 0x00007ffa6b7a1000 	E:\project\jeesite\bin\dll\pvt.cppan.demo.jpeg-9.2.0.dll
0x00007ffa6b710000 - 0x00007ffa6b75b000 	E:\project\jeesite\bin\dll\pvt.cppan.demo.openjpeg.openjp2-2.3.0.dll
0x00007ffa871b0000 - 0x00007ffa871cb000 	E:\project\jeesite\bin\dll\pvt.cppan.demo.madler.zlib-1.2.11.dll
0x00007ffa6d920000 - 0x00007ffa6d949000 	C:\WINDOWS\SYSTEM32\MSVFW32.dll
0x00007ffa7daf0000 - 0x00007ffa7db0f000 	C:\WINDOWS\SYSTEM32\AVIFIL32.dll
0x00007ffa736a0000 - 0x00007ffa736b8000 	C:\WINDOWS\SYSTEM32\AVICAP32.dll
0x00007ffa6d7f0000 - 0x00007ffa6d81a000 	E:\project\jeesite\bin\dll\pvt.cppan.demo.xz_utils.lzma-5.2.4.dll
0x00007ffa70cb0000 - 0x00007ffa70ccc000 	C:\WINDOWS\SYSTEM32\MSACM32.dll
0x00007ffa8a7a0000 - 0x00007ffa8a969000 	C:\WINDOWS\SYSTEM32\dbghelp.dll

VM Arguments:
jvm_args: -javaagent:D:\IntelliJ IDEA 2018.1.1\lib\idea_rt.jar=55980:D:\IntelliJ IDEA 2018.1.1\bin -Dfile.encoding=UTF-8 
java_command: idcard.Java2Cpp
java_class_path (initial): C:\Program Files\Java\jdk1.8.0_162\jre\lib\charsets.jar;C:\Program Files\Java\jdk1.8.0_162\jre\lib\deploy.jar;C:\Program Files\Java\jdk1.8.0_162\jre\lib\ext\access-bridge-64.jar;C:\Program Files\Java\jdk1.8.0_162\jre\lib\ext\cldrdata.jar;C:\Program Files\Java\jdk1.8.0_162\jre\lib\ext\dnsns.jar;C:\Program Files\Java\jdk1.8.0_162\jre\lib\ext\jaccess.jar;C:\Program Files\Java\jdk1.8.0_162\jre\lib\ext\jfxrt.jar;C:\Program Files\Java\jdk1.8.0_162\jre\lib\ext\localedata.jar;C:\Program Files\Java\jdk1.8.0_162\jre\lib\ext\nashorn.jar;C:\Program Files\Java\jdk1.8.0_162\jre\lib\ext\sunec.jar;C:\Program Files\Java\jdk1.8.0_162\jre\lib\ext\sunjce_provider.jar;C:\Program Files\Java\jdk1.8.0_162\jre\lib\ext\sunmscapi.jar;C:\Program Files\Java\jdk1.8.0_162\jre\lib\ext\sunpkcs11.jar;C:\Program Files\Java\jdk1.8.0_162\jre\lib\ext\zipfs.jar;C:\Program Files\Java\jdk1.8.0_162\jre\lib\javaws.jar;C:\Program Files\Java\jdk1.8.0_162\jre\lib\jce.jar;C:\Program Files\Java\jdk1.8.0_162\jre\lib\jfr.jar;C:\Program Files\Java\jdk1.8.0_162\jre\lib\jfxswt.jar;C:\Program Files\Java\jdk1.8.0_162\jre\lib\jsse.jar;C:\Program Files\Java\jdk1.8.0_162\jre\lib\management-agent.jar;C:\Program Files\Java\jdk1.8.0_162\jre\lib\plugin.jar;C:\Program Files\Java\jdk1.8.0_162\jre\lib\resources.jar;C:\Program Files\Java\jdk1.8.0_162\jre\lib\rt.jar;E:\project\jeesite\src\main\webapp\WEB-INF\classes;D:\java\repository\org\springframework\spring-core\4.1.9.RELEASE\spring-core-4.1.9.RELEASE.jar;D:\java\repository\org\springframework\spring-beans\4.1.9.RELEASE\spring-beans-4.1.9.RELEASE.jar;D:\java\repository\org\springframework\spring-context\4.1.9.RELEASE\spring-context-4.1.9.RELEASE.jar;D:\java\repository\org\springframework\spring-expression\4.1.9.RELEASE\spring-expression-4.1.9.RELEASE.jar;D:\java\repository\org\springframework\spring-context-support\4.1.9.RELEASE\spring-context-support-4.1.9.RELEASE.jar;D:\java\repository\org\springframework\spring-aop\4.1.9.RELEASE\spring-aop-4.1.9.
Launcher Type: SUN_STANDARD

Environment Variables:
JAVA_HOME=C:\Program Files\Java\jdk1.8.0_162
CLASSPATH=.;C:\Program Files\Java\jdk1.8.0_162\lib;C:\Program Files\Java\jdk1.8.0_162\lib\tools.jar
PATH=C:\ProgramData\Oracle\Java\javapath;C:\WINDOWS\system32;C:\WINDOWS;C:\WINDOWS\System32\Wbem;C:\WINDOWS\System32\WindowsPowerShell\v1.0\;"C:\Program Files\Java\jdk1.8.0_162\bin;C:\Program Files\Java\jdk1.8.0_162\jre\bin";D:\apache-maven-3.5.3\bin;C:\Program Files\Git\cmd;C:\Program Files\MySQL\MySQL Utilities 1.6\;C:\Program Files\TortoiseSVN\bin;C:\Program Files\MySQL\MySQL Server 5.7\bin;;C:\WINDOWS\System32\OpenSSH\;C:\Users\Huang Bing\AppData\Local\Microsoft\WindowsApps;
USERNAME=Huang Bing
OS=Windows_NT
PROCESSOR_IDENTIFIER=Intel64 Family 6 Model 94 Stepping 3, GenuineIntel



---------------  S Y S T E M  ---------------

OS: Windows 10.0 , 64 bit Build 17134 (10.0.17134.1)

CPU:total 2 (initial active 2) (2 cores per cpu, 1 threads per core) family 6 model 94 stepping 3, cmov, cx8, fxsr, mmx, sse, sse2, sse3, ssse3, sse4.1, sse4.2, popcnt, aes, clmul, erms, 3dnowpref, lzcnt, tsc, tscinvbit

Memory: 4k page, physical 8296564k(3086180k free), swap 11347984k(3302124k free)

vm_info: Java HotSpot(TM) 64-Bit Server VM (25.162-b12) for windows-amd64 JRE (1.8.0_162-b12), built on Dec 19 2017 20:00:03 by "java_re" with MS VC++ 10.0 (VS2010)

time: Wed Aug 29 16:06:07 2018
elapsed time: 1 seconds (0d 0h 0m 1s)

